Unable to find image 'community.wave.seqera.io/library/bioconductor-annotationhub_bioconductor-geneplast_r-curl_r-dplyr_pruned:98345126afead0d2' locally
98345126afead0d2: Pulling from library/bioconductor-annotationhub_bioconductor-geneplast_r-curl_r-dplyr_pruned
dafa2b0c44d2: Already exists
dec6b097362e: Already exists
f88da01cff0b: Already exists
4f4fb700ef54: Already exists
92dc97a3ef36: Already exists
403f74b0f85e: Already exists
10b8c00c10a5: Already exists
4f4fb700ef54: Already exists
17dc7ea432cc: Already exists
bb36d6c3110d: Already exists
0ea1a16bbe82: Already exists
030a47592a0a: Already exists
7fca434a5077: Pulling fs layer
92994297a481: Pulling fs layer
7fca434a5077: Download complete
7fca434a5077: Pull complete
92994297a481: Verifying Checksum
92994297a481: Download complete
92994297a481: Pull complete
Digest: sha256:58cd9e11a0cd394803b9c58d4837a8ae45ec87e1d7e2cde6bb90cfac9b0cb3bf
Status: Downloaded newer image for community.wave.seqera.io/library/bioconductor-annotationhub_bioconductor-geneplast_r-curl_r-dplyr_pruned:98345126afead0d2

Attaching package: ‘dplyr’

The following objects are masked from ‘package:stats’:

    filter, lag

The following objects are masked from ‘package:base’:

    intersect, setdiff, setequal, union

Error in library(tidyverse) : there is no package called ‘tidyverse’
Execution halted
exit status 1
