
Attaching package: ‘dplyr’

The following objects are masked from ‘package:stats’:

    filter, lag

The following objects are masked from ‘package:base’:

    intersect, setdiff, setequal, union

Loading required package: BiocGenerics

Attaching package: ‘BiocGenerics’

The following objects are masked from ‘package:dplyr’:

    combine, intersect, setdiff, union

The following objects are masked from ‘package:stats’:

    IQR, mad, sd, var, xtabs

The following objects are masked from ‘package:base’:

    anyDuplicated, aperm, append, as.data.frame, basename, cbind,
    colnames, dirname, do.call, duplicated, eval, evalq, Filter, Find,
    get, grep, grepl, intersect, is.unsorted, lapply, Map, mapply,
    match, mget, order, paste, pmax, pmax.int, pmin, pmin.int,
    Position, rank, rbind, Reduce, rownames, sapply, saveRDS, setdiff,
    table, tapply, union, unique, unsplit, which.max, which.min

Loading required package: BiocFileCache
Loading required package: dbplyr

Attaching package: ‘dbplyr’

The following objects are masked from ‘package:dplyr’:

    ident, sql

downloading 1 resources
retrieving 1 resource
loading from cache
           used  (Mb) gc trigger  (Mb) max used  (Mb)
Ncells  7014461 374.7   14313870 764.5  7662707 409.3
Vcells 40756873 311.0   63199605 482.2 61326025 467.9
-Preprocessing input data...
Error: object 'immuno_cogs' not found
Execution halted
exit status 1
